Looking for git in: git
Using git 2.21.0 from git
> git rev-parse --show-toplevel
> git rev-parse --git-dir
> git config --get commit.template
Open repository: /home/ghost/react-project-2.0
> git status -z -u
> git symbolic-ref --short HEAD
> git rev-parse master
> git rev-parse --symbolic-full-name master@{u}
fatal: no upstream configured for branch 'master'
> git for-each-ref --format %(refname) %(objectname) --sort -committerdate
> git remote --verbose
> git check-ignore -v -z --stdin
> git check-ignore -v -z --stdin
> git check-ignore -v -z --stdin
> git check-ignore -v -z --stdin
> git check-ignore -v -z --stdin
> git check-ignore -v -z --stdin
> git show :src/Routes.js
> git ls-files --stage -- src/
> git status -z -u
> git symbolic-ref --short HEAD
> git rev-parse master
> git rev-parse --symbolic-full-name master@{u}
fatal: no upstream configured for branch 'master'
> git for-each-ref --format %(refname) %(objectname) --sort -committerdate
> git remote --verbose
> git show :src/index.js
> git show :src/Routes.js
> git ls-files --stage -- src/
> git show :src/App.js
> git show :src/index.js
> git show :src/Routes.js
> git ls-files --stage -- src/
> git show :src/index.js
> git show :src/Routes.js
> git ls-files --stage -- src/
> git show :src/index.js
> git show :src/Routes.js
> git ls-files --stage -- src/
> git show :src/index.js
