[2019-07-18 18:29:46.977] [exthost] [info] extension host started
[2019-07-18 18:29:47.016] [exthost] [info] ExtensionService#_doActivateExtension aaron-bond.better-comments {"startup":false,"activationEvent":"onLanguage:plaintext"}
[2019-07-18 18:29:47.016] [exthost] [info] ExtensionService#loadCommonJSModule /home/ghost/.vscode/extensions/aaron-bond.better-comments-2.0.5/out/extension
[2019-07-18 18:29:47.082] [exthost] [info] ExtensionService#_doActivateExtension vscode.debug-auto-launch {"startup":true,"activationEvent":"*"}
[2019-07-18 18:29:47.082] [exthost] [info] ExtensionService#loadCommonJSModule /snap/code/11/usr/share/code/resources/app/extensions/debug-auto-launch/dist/extension
[2019-07-18 18:29:47.107] [exthost] [info] ExtensionService#_doActivateExtension vscode.emmet {"startup":true,"activationEvent":"*"}
[2019-07-18 18:29:47.107] [exthost] [info] ExtensionService#loadCommonJSModule /snap/code/11/usr/share/code/resources/app/extensions/emmet/dist/extension
[2019-07-18 18:29:47.204] [exthost] [info] ExtensionService#_doActivateExtension vscode.git {"startup":true,"activationEvent":"*"}
[2019-07-18 18:29:47.204] [exthost] [info] ExtensionService#loadCommonJSModule /snap/code/11/usr/share/code/resources/app/extensions/git/dist/main
[2019-07-18 18:29:47.705] [exthost] [info] ExtensionService#_doActivateExtension vscode.merge-conflict {"startup":true,"activationEvent":"*"}
[2019-07-18 18:29:47.705] [exthost] [info] ExtensionService#loadCommonJSModule /snap/code/11/usr/share/code/resources/app/extensions/merge-conflict/dist/extension
[2019-07-18 18:29:47.729] [exthost] [info] ExtensionService#_doActivateExtension CoenraadS.bracket-pair-colorizer {"startup":true,"activationEvent":"*"}
[2019-07-18 18:29:47.729] [exthost] [info] ExtensionService#loadCommonJSModule /home/ghost/.vscode/extensions/coenraads.bracket-pair-colorizer-1.0.61/out/src/extension
[2019-07-18 18:29:48.222] [exthost] [info] ExtensionService#_doActivateExtension Equinusocio.vsc-material-theme {"startup":true,"activationEvent":"*"}
[2019-07-18 18:29:48.222] [exthost] [info] ExtensionService#loadCommonJSModule /home/ghost/.vscode/extensions/equinusocio.vsc-material-theme-29.2.0/out/src/material.theme.config
[2019-07-18 18:29:48.286] [exthost] [info] ExtensionService#_doActivateExtension esbenp.prettier-vscode {"startup":true,"activationEvent":"*"}
[2019-07-18 18:29:48.286] [exthost] [info] ExtensionService#loadCommonJSModule /home/ghost/.vscode/extensions/esbenp.prettier-vscode-1.9.0/out/src/extension
[2019-07-18 18:29:49.165] [exthost] [info] ExtensionService#_doActivateExtension manasxx.background-cover {"startup":true,"activationEvent":"*"}
[2019-07-18 18:29:49.165] [exthost] [info] ExtensionService#loadCommonJSModule /home/ghost/.vscode/extensions/manasxx.background-cover-2.2.0/out/extension
[2019-07-18 18:29:49.197] [exthost] [info] ExtensionService#_doActivateExtension oderwat.indent-rainbow {"startup":true,"activationEvent":"*"}
[2019-07-18 18:29:49.197] [exthost] [info] ExtensionService#loadCommonJSModule /home/ghost/.vscode/extensions/oderwat.indent-rainbow-7.4.0/out/extension
[2019-07-18 18:29:49.208] [exthost] [info] eager extensions activated
[2019-07-18 18:30:24.609] [exthost] [info] extension host started
[2019-07-18 18:30:24.662] [exthost] [info] ExtensionService#_doActivateExtension aaron-bond.better-comments {"startup":false,"activationEvent":"onLanguage:plaintext"}
[2019-07-18 18:30:24.663] [exthost] [info] ExtensionService#loadCommonJSModule /home/ghost/.vscode/extensions/aaron-bond.better-comments-2.0.5/out/extension
[2019-07-18 18:30:24.673] [exthost] [info] ExtensionService#_doActivateExtension vscode.debug-auto-launch {"startup":true,"activationEvent":"*"}
[2019-07-18 18:30:24.673] [exthost] [info] ExtensionService#loadCommonJSModule /snap/code/11/usr/share/code/resources/app/extensions/debug-auto-launch/dist/extension
[2019-07-18 18:30:24.684] [exthost] [info] ExtensionService#_doActivateExtension vscode.emmet {"startup":true,"activationEvent":"*"}
[2019-07-18 18:30:24.684] [exthost] [info] ExtensionService#loadCommonJSModule /snap/code/11/usr/share/code/resources/app/extensions/emmet/dist/extension
[2019-07-18 18:30:24.736] [exthost] [info] ExtensionService#_doActivateExtension vscode.git {"startup":true,"activationEvent":"*"}
[2019-07-18 18:30:24.736] [exthost] [info] ExtensionService#loadCommonJSModule /snap/code/11/usr/share/code/resources/app/extensions/git/dist/main
[2019-07-18 18:30:25.103] [exthost] [info] ExtensionService#_doActivateExtension vscode.merge-conflict {"startup":true,"activationEvent":"*"}
[2019-07-18 18:30:25.103] [exthost] [info] ExtensionService#loadCommonJSModule /snap/code/11/usr/share/code/resources/app/extensions/merge-conflict/dist/extension
[2019-07-18 18:30:25.121] [exthost] [info] ExtensionService#_doActivateExtension CoenraadS.bracket-pair-colorizer {"startup":true,"activationEvent":"*"}
[2019-07-18 18:30:25.121] [exthost] [info] ExtensionService#loadCommonJSModule /home/ghost/.vscode/extensions/coenraads.bracket-pair-colorizer-1.0.61/out/src/extension
[2019-07-18 18:30:25.172] [exthost] [info] ExtensionService#_doActivateExtension Equinusocio.vsc-material-theme {"startup":true,"activationEvent":"*"}
[2019-07-18 18:30:25.172] [exthost] [info] ExtensionService#loadCommonJSModule /home/ghost/.vscode/extensions/equinusocio.vsc-material-theme-29.2.0/out/src/material.theme.config
[2019-07-18 18:30:25.194] [exthost] [info] ExtensionService#_doActivateExtension esbenp.prettier-vscode {"startup":true,"activationEvent":"*"}
[2019-07-18 18:30:25.194] [exthost] [info] ExtensionService#loadCommonJSModule /home/ghost/.vscode/extensions/esbenp.prettier-vscode-1.9.0/out/src/extension
[2019-07-18 18:30:25.648] [exthost] [info] ExtensionService#_doActivateExtension manasxx.background-cover {"startup":true,"activationEvent":"*"}
[2019-07-18 18:30:25.648] [exthost] [info] ExtensionService#loadCommonJSModule /home/ghost/.vscode/extensions/manasxx.background-cover-2.2.0/out/extension
[2019-07-18 18:30:25.655] [exthost] [info] ExtensionService#_doActivateExtension oderwat.indent-rainbow {"startup":true,"activationEvent":"*"}
[2019-07-18 18:30:25.655] [exthost] [info] ExtensionService#loadCommonJSModule /home/ghost/.vscode/extensions/oderwat.indent-rainbow-7.4.0/out/extension
[2019-07-18 18:30:26.760] [exthost] [info] eager extensions activated
[2019-07-18 18:33:02.546] [exthost] [info] ExtensionService#_doActivateExtension vscode.typescript-language-features {"startup":false,"activationEvent":"onLanguage:javascript"}
[2019-07-18 18:33:02.546] [exthost] [info] ExtensionService#loadCommonJSModule /snap/code/11/usr/share/code/resources/app/extensions/typescript-language-features/dist/extension
[2019-07-18 18:35:28.727] [exthost] [info] ExtensionService#_doActivateExtension vscode.extension-editing {"startup":false,"activationEvent":"onLanguage:typescript"}
[2019-07-18 18:35:28.727] [exthost] [info] ExtensionService#loadCommonJSModule /snap/code/11/usr/share/code/resources/app/extensions/extension-editing/dist/extension
